
[INFO ] 2021-06-02 17:35:38.437 [Thread-0] HookImplementation - Preparing connection
[INFO ] 2021-06-02 17:35:48.649 [Thread-0] HookImplementation - Android device connected
[INFO ] 2021-06-02 17:35:48.700 [Thread-0] HookImplementation - Waiting 2 seconds...
[INFO ] 2021-06-02 17:35:50.790 [Thread-0] HookImplementation - Device location info accepted
[INFO ] 2021-06-02 17:35:50.792 [Thread-0] HookImplementation - Waiting 2 seconds...
[INFO ] 2021-06-02 17:35:53.437 [Thread-0] HookImplementation - Privacy policy accepted
[INFO ] 2021-06-02 17:35:53.440 [Thread-0] HookImplementation - Waiting 2 seconds...
[INFO ] 2021-06-02 17:35:55.510 [Thread-0] HookImplementation - Book a flight button clicked
[INFO ] 2021-06-02 17:35:55.512 [Thread-0] HookImplementation - Waiting 2 seconds...
[INFO ] 2021-06-02 17:35:57.578 [Thread-0] HookImplementation - One way selected
[INFO ] 2021-06-02 17:35:57.580 [Thread-0] HookImplementation - Waiting 2 seconds...
[INFO ] 2021-06-02 17:35:59.649 [Thread-0] HookImplementation - From destination search area opened
[INFO ] 2021-06-02 17:36:02.350 [Thread-0] HookImplementation - SAW keyword entered to search area
[INFO ] 2021-06-02 17:36:03.294 [Thread-0] HookImplementation - Sabiha Gokcen Airport selected
[INFO ] 2021-06-02 17:36:03.296 [Thread-0] HookImplementation - Waiting 2 seconds...
[INFO ] 2021-06-02 17:36:05.370 [Thread-0] HookImplementation - To destination search area opened
[INFO ] 2021-06-02 17:36:08.047 [Thread-0] HookImplementation - ESB keyword entered to search area
[INFO ] 2021-06-02 17:36:08.959 [Thread-0] HookImplementation - Ankara Esenboga Airport selected
[INFO ] 2021-06-02 17:36:08.961 [Thread-0] HookImplementation - Waiting 2 seconds...
[INFO ] 2021-06-02 17:36:11.084 [Thread-0] HookImplementation - Departure date calendar opened
[INFO ] 2021-06-02 17:36:11.843 [Thread-0] HookImplementation - Two days after selected
[INFO ] 2021-06-02 17:36:12.463 [Thread-0] HookImplementation - Departure calendar done button clicked
[INFO ] 2021-06-02 17:36:12.466 [Thread-0] HookImplementation - Waiting 2 seconds...
[INFO ] 2021-06-02 17:36:14.551 [Thread-0] HookImplementation - Number of passenger is increased by 1
[INFO ] 2021-06-02 17:36:14.553 [Thread-0] HookImplementation - Waiting 2 seconds...
[INFO ] 2021-06-02 17:36:16.645 [Thread-0] HookImplementation - Flight search button is clicked
[INFO ] 2021-06-02 17:36:16.647 [Thread-0] HookImplementation - Waiting 2 seconds...
[INFO ] 2021-06-02 17:36:18.755 [Thread-0] HookImplementation - Flights are listed
[INFO ] 2021-06-02 17:36:18.757 [Thread-0] HookImplementation - Waiting 2 seconds...
[INFO ] 2021-06-02 17:36:20.848 [Thread-0] HookImplementation - Random flight is selected on the screen
[INFO ] 2021-06-02 17:36:20.850 [Thread-0] HookImplementation - Waiting 2 seconds...
[INFO ] 2021-06-02 17:36:22.977 [Thread-0] HookImplementation - Flight contains EcoFly is selected for selecting eco class
[INFO ] 2021-06-02 17:36:22.980 [Thread-0] HookImplementation - Waiting 2 seconds...
[INFO ] 2021-06-02 17:36:25.066 [Thread-0] HookImplementation - Continue button clicked on flight search
